AprilBeaconDemos/proguard/seeds.txt
com.aprilbrother.aprilbeacondemo.BeaconList
com.aprilbrother.aprilbeacondemo.BeaconList: BeaconList()
com.aprilbrother.aprilbeacondemo.ModifyActivity
com.aprilbrother.aprilbeacondemo.ModifyActivity: ModifyActivity()
com.aprilbrother.aprilbeacondemo.ModifyActivity: void onClick(android.view.View)
com.aprilbrother.aprilbeacondemo.ModifyActivity: void notify(android.view.View)
com.aprilbrother.aprilbeacondemo.NotifyService
com.aprilbrother.aprilbeacondemo.NotifyService: NotifyService()
com.aprilbrother.aprilbeacondemo.R$dimen: int activity_horizontal_margin
com.aprilbrother.aprilbeacondemo.R$dimen: int activity_vertical_margin
com.aprilbrother.aprilbeacondemo.R$drawable: int aprilbeacon
com.aprilbrother.aprilbeacondemo.R$drawable: int beacon_gray
com.aprilbrother.aprilbeacondemo.R$drawable: int codeversed_logo
com.aprilbrother.aprilbeacondemo.R$drawable: int ic_launcher
com.aprilbrother.aprilbeacondemo.R$drawable: int logowithname
com.aprilbrother.aprilbeacondemo.R$drawable: int notifyout
com.aprilbrother.aprilbeacondemo.R$id: int TxPower
com.aprilbrother.aprilbeacondemo.R$id: int action_settings
com.aprilbrother.aprilbeacondemo.R$id: int advinterval
com.aprilbrother.aprilbeacondemo.R$id: int battery
com.aprilbrother.aprilbeacondemo.R$id: int bt_conn
com.aprilbrother.aprilbeacondemo.R$id: int bt_notify
com.aprilbrother.aprilbeacondemo.R$id: int bt_notify_l
com.aprilbrother.aprilbeacondemo.R$id: int bt_turn_off
com.aprilbrother.aprilbeacondemo.R$id: int bt_turn_off_l
com.aprilbrother.aprilbeacondemo.R$id: int bt_turn_on
com.aprilbrother.aprilbeacondemo.R$id: int bt_turn_on_l
com.aprilbrother.aprilbeacondemo.R$id: int btn_advinterval
com.aprilbrother.aprilbeacondemo.R$id: int btn_battery
com.aprilbrother.aprilbeacondemo.R$id: int btn_firmwareRevision
com.aprilbrother.aprilbeacondemo.R$id: int btn_manufacturerName
com.aprilbrother.aprilbeacondemo.R$id: int btn_modify
com.aprilbrother.aprilbeacondemo.R$id: int btn_txpower
com.aprilbrother.aprilbeacondemo.R$id: int et_pwd
com.aprilbrother.aprilbeacondemo.R$id: int firmwareRevision
com.aprilbrother.aprilbeacondemo.R$id: int iv_notify_content_in
com.aprilbrother.aprilbeacondemo.R$id: int ll_absensor
com.aprilbrother.aprilbeacondemo.R$id: int ll_notify_content
com.aprilbrother.aprilbeacondemo.R$id: int lv
com.aprilbrother.aprilbeacondemo.R$id: int major
com.aprilbrother.aprilbeacondemo.R$id: int manufacturerName
com.aprilbrother.aprilbeacondemo.R$id: int measuredPower
com.aprilbrother.aprilbeacondemo.R$id: int minor
com.aprilbrother.aprilbeacondemo.R$layout: int activity_main
com.aprilbrother.aprilbeacondemo.R$layout: int activity_modify
com.aprilbrother.aprilbeacondemo.R$layout: int activity_notify_in_content
com.aprilbrother.aprilbeacondemo.R$layout: int activity_notify_out_content
com.aprilbrother.aprilbeacondemo.R$layout: int activity_request
com.aprilbrother.aprilbeacondemo.R$layout: int activity_sensor
com.aprilbrother.aprilbeacondemo.R$layout: int device_item
com.aprilbrother.aprilbeacondemo.R$layout: int dialog_text
com.aprilbrother.aprilbeacondemo.R$layout: int notification_custom_remote
com.aprilbrother.aprilbeacondemo.R$menu: int main
...
android.support.v4.app.BackStackState
android.support.v4.app.BackStackState: android.os.Parcelable$Creator CREATOR
android.support.v4.app.Fragment$SavedState
android.support.v4.app.Fragment$SavedState: android.os.Parcelable$Creator CREATOR
android.support.v4.app.FragmentManagerState
android.support.v4.app.FragmentManagerState: android.os.Parcelable$Creator CREATOR
android.support.v4.app.FragmentState
android.support.v4.app.FragmentState: android.os.Parcelable$Creator CREATOR
android.support.v4.app.FragmentTabHost: void setOnTabChangedListener(android.widget.TabHost$OnTabChangeListener)
android.support.v4.app.FragmentTabHost$SavedState
android.support.v4.app.FragmentTabHost$SavedState: android.os.Parcelable$Creator CREATOR
android.support.v4.content.ModernAsyncTask$Status: android.support.v4.content.ModernAsyncTask$Status[] values()
android.support.v4.content.ModernAsyncTask$Status: android.support.v4.content.ModernAsyncTask$Status valueOf(java.lang.String)
android.support.v4.view.PagerTabStrip: void setTabIndicatorColor(int)
android.support.v4.view.PagerTabStrip: void setTabIndicatorColorResource(int)
android.support.v4.view.PagerTabStrip: int getTabIndicatorColor()
android.support.v4.view.PagerTabStrip: void setTextSpacing(int)
android.support.v4.view.PagerTabStrip: void setBackgroundDrawable(android.graphics.drawable.Drawable)
android.support.v4.view.PagerTabStrip: void setBackgroundColor(int)
android.support.v4.view.PagerTabStrip: void setBackgroundResource(int)
android.support.v4.view.PagerTabStrip: void setDrawFullUnderline(boolean)
android.support.v4.view.PagerTabStrip: boolean getDrawFullUnderline()
android.support.v4.view.PagerTabStrip: int getMinHeight()
android.support.v4.view.PagerTitleStrip: void setSingleLineAllCaps(android.widget.TextView)
android.support.v4.view.PagerTitleStrip: void setTextSpacing(int)
android.support.v4.view.PagerTitleStrip: int getTextSpacing()
android.support.v4.view.PagerTitleStrip: void setNonPrimaryAlpha(float)
android.support.v4.view.PagerTitleStrip: void setTextColor(int)
android.support.v4.view.PagerTitleStrip: void setGravity(int)
android.support.v4.view.PagerTitleStrip: int getMinHeight()
android.support.v4.view.ViewPager: void setScrollState(int)
android.support.v4.view.ViewPager: void setAdapter(android.support.v4.view.PagerAdapter)
android.support.v4.view.ViewPager: android.support.v4.view.PagerAdapter getAdapter()
android.support.v4.view.ViewPager: void setOnAdapterChangeListener(android.support.v4.view.ViewPager$OnAdapterChangeListener)
android.support.v4.view.ViewPager: void setCurrentItem(int)
android.support.v4.view.ViewPager: int getCurrentItem()
android.support.v4.view.ViewPager: void setOnPageChangeListener(android.support.v4.view.ViewPager$OnPageChangeListener)
android.support.v4.view.ViewPager: void setChildrenDrawingOrderEnabledCompat(boolean)
android.support.v4.view.ViewPager: int getOffscreenPageLimit()
android.support.v4.view.ViewPager: void setOffscreenPageLimit(int)
android.support.v4.view.ViewPager: void setPageMargin(int)
android.support.v4.view.ViewPager: int getPageMargin()
android.support.v4.view.ViewPager: void setPageMarginDrawable(android.graphics.drawable.Drawable)
android.support.v4.view.ViewPager: void setPageMarginDrawable(int)
android.support.v4.view.ViewPager: void setScrollingCacheEnabled(boolean)
android.support.v4.view.ViewPager$SavedState
android.support.v4.view.ViewPager$SavedState: android.os.Parcelable$Creator CREATOR
com.aprilbrother.aprilbrothersdk.Beacon
com.aprilbrother.aprilbrothersdk.Beacon: android.os.Parcelable$Creator CREATOR
com.aprilbrother.aprilbrothersdk.Beacon$1
com.aprilbrother.aprilbrothersdk.BeaconManager
com.aprilbrother.aprilbrothersdk.BeaconManager$ErrorListener
com.aprilbrother.aprilbrothersdk.BeaconManager$MonitoringListener
com.aprilbrother.aprilbrothersdk.BeaconManager$RangingListener
com.aprilbrother.aprilbrothersdk.BeaconManager$ServiceReadyCallback
com.aprilbrother.aprilbrothersdk.BeaconManager$a