AprilBeaconDemos/proguard/mapping.txt
com.aprilbrother.aprilbeacondemo.BeaconAdapter -> com.aprilbrother.aprilbeacondemo.a:
    java.util.ArrayList beacons -> a
    android.view.LayoutInflater inflater -> b
    void replaceWith(java.util.Collection) -> a
    int getCount() -> getCount
    com.aprilbrother.aprilbrothersdk.Beacon getItem(int) -> a
    long getItemId(int) -> getItemId
    android.view.View getView(int,android.view.View,android.view.ViewGroup) -> getView
    void bind(com.aprilbrother.aprilbrothersdk.Beacon,android.view.View) -> a
    android.view.View inflateIfRequired(android.view.View,int,android.view.ViewGroup) -> a
    java.lang.Object getItem(int) -> getItem
com.aprilbrother.aprilbeacondemo.BeaconAdapter$ViewHolder -> com.aprilbrother.aprilbeacondemo.b:
    android.widget.TextView macTextView -> a
    android.widget.TextView uuidTextView -> b
    android.widget.TextView majorTextView -> c
    android.widget.TextView minorTextView -> d
    android.widget.TextView measuredPowerTextView -> e
    android.widget.TextView rssiTextView -> f
    android.widget.TextView proximityView -> g
com.aprilbrother.aprilbeacondemo.BeaconList -> com.aprilbrother.aprilbeacondemo.BeaconList:
    com.aprilbrother.aprilbrothersdk.Region ALL_BEACONS_REGION -> a
    com.aprilbrother.aprilbrothersdk.Region TEST_ALL_BEACONS_REGION -> b
    com.aprilbrother.aprilbeacondemo.BeaconAdapter adapter -> c
    com.aprilbrother.aprilbrothersdk.BeaconManager beaconManager -> d
    java.util.ArrayList myBeacons -> e
    void onCreate(android.os.Bundle) -> onCreate
    void init() -> b
    void connectToService() -> c
    void onActivityResult(int,int,android.content.Intent) -> onActivityResult
    void onStart() -> onStart
    void onDestroy() -> onDestroy
    void onStop() -> onStop
    java.util.ArrayList access$0(com.aprilbrother.aprilbeacondemo.BeaconList) -> a
    com.aprilbrother.aprilbeacondemo.BeaconAdapter access$1(com.aprilbrother.aprilbeacondemo.BeaconList) -> b
    com.aprilbrother.aprilbrothersdk.BeaconManager access$2(com.aprilbrother.aprilbeacondemo.BeaconList) -> c
    com.aprilbrother.aprilbrothersdk.Region access$3() -> a
com.aprilbrother.aprilbeacondemo.BeaconList$1 -> com.aprilbrother.aprilbeacondemo.c:
    com.aprilbrother.aprilbeacondemo.BeaconList this$0 -> a
    void onBeaconsDiscovered(com.aprilbrother.aprilbrothersdk.Region,java.util.List) -> a
com.aprilbrother.aprilbeacondemo.BeaconList$2 -> com.aprilbrother.aprilbeacondemo.d:
    com.aprilbrother.aprilbeacondemo.BeaconList this$0 -> a
    void onExitedRegion(com.aprilbrother.aprilbrothersdk.Region) -> a
    void onEnteredRegion(com.aprilbrother.aprilbrothersdk.Region,java.util.List) -> a
com.aprilbrother.aprilbeacondemo.BeaconList$3 -> com.aprilbrother.aprilbeacondemo.e:
    com.aprilbrother.aprilbeacondemo.BeaconList this$0 -> a
    void onItemClick(android.widget.AdapterView,android.view.View,int,long) -> onItemClick
com.aprilbrother.aprilbeacondemo.BeaconList$4 -> com.aprilbrother.aprilbeacondemo.f:
    com.aprilbrother.aprilbeacondemo.BeaconList this$0 -> a
    android.widget.TextView val$tv -> b
    void onClick(android.view.View) -> onClick
com.aprilbrother.aprilbeacondemo.BeaconList$5 -> com.aprilbrother.aprilbeacondemo.g:
    com.aprilbrother.aprilbeacondemo.BeaconList this$0 -> a
    void onServiceReady() -> a
com.aprilbrother.aprilbeacondemo.ComparatorBeaconByRssi -> com.aprilbrother.aprilbeacondemo.h:
    int compare(com.aprilbrother.aprilbrothersdk.Beacon,com.aprilbrother.aprilbrothersdk.Beacon) -> a
    int compare(java.lang.Object,java.lang.Object) -> compare
...
android.support.v4.view.PagerAdapter -> android.support.v4.view.k:
    android.database.DataSetObservable mObservable -> a
    int getCount() -> a
    void startUpdate(android.view.ViewGroup) -> a
    java.lang.Object instantiateItem(android.view.ViewGroup,int) -> a
    void destroyItem(android.view.ViewGroup,int,java.lang.Object) -> a
    void setPrimaryItem(android.view.ViewGroup,int,java.lang.Object) -> b
    void finishUpdate(android.view.ViewGroup) -> b
    void startUpdate(android.view.View) -> a
    java.lang.Object instantiateItem(android.view.View,int) -> a
    void destroyItem(android.view.View,int,java.lang.Object) -> a
    void setPrimaryItem(android.view.View,int,java.lang.Object) -> b
    void finishUpdate(android.view.View) -> b
    boolean isViewFromObject(android.view.View,java.lang.Object) -> a
    android.os.Parcelable saveState() -> b
    void restoreState(android.os.Parcelable,java.lang.ClassLoader) -> a
    int getItemPosition(java.lang.Object) -> a
    void registerDataSetObserver(android.database.DataSetObserver) -> a
    void unregisterDataSetObserver(android.database.DataSetObserver) -> b
    float getPageWidth(int) -> a
android.support.v4.view.VelocityTrackerCompat -> android.support.v4.view.l:
    android.support.v4.view.VelocityTrackerCompat$VelocityTrackerVersionImpl IMPL -> a
    float getXVelocity(android.view.VelocityTracker,int) -> a
android.support.v4.view.VelocityTrackerCompat$BaseVelocityTrackerVersionImpl -> android.support.v4.view.m:
    float getXVelocity(android.view.VelocityTracker,int) -> a
android.support.v4.view.VelocityTrackerCompat$HoneycombVelocityTrackerVersionImpl -> android.support.v4.view.n:
    float getXVelocity(android.view.VelocityTracker,int) -> a
android.support.v4.view.VelocityTrackerCompat$VelocityTrackerVersionImpl -> android.support.v4.view.o:
    float getXVelocity(android.view.VelocityTracker,int) -> a
android.support.v4.view.VelocityTrackerCompatHoneycomb -> android.support.v4.view.p:
    float getXVelocity(android.view.VelocityTracker,int) -> a
android.support.v4.view.ViewCompat -> android.support.v4.view.q:
    android.support.v4.view.ViewCompat$ViewCompatImpl IMPL -> a
    boolean canScrollHorizontally(android.view.View,int) -> a
    int getOverScrollMode(android.view.View) -> a
    void postInvalidateOnAnimation(android.view.View) -> b
    void postOnAnimation(android.view.View,java.lang.Runnable) -> a
    void setLayerType(android.view.View,int,android.graphics.Paint) -> a
android.support.v4.view.ViewCompat$BaseViewCompatImpl -> android.support.v4.view.r:
    boolean canScrollHorizontally(android.view.View,int) -> a
    int getOverScrollMode(android.view.View) -> a
    void postInvalidateOnAnimation(android.view.View) -> b
    void postOnAnimation(android.view.View,java.lang.Runnable) -> a
    long getFrameTime() -> a
    void setLayerType(android.view.View,int,android.graphics.Paint) -> a
android.support.v4.view.ViewCompat$GBViewCompatImpl -> android.support.v4.view.s:
    int getOverScrollMode(android.view.View) -> a
android.support.v4.view.ViewCompat$HCViewCompatImpl -> android.support.v4.view.t:
    long getFrameTime() -> a
    void setLayerType(android.view.View,int,android.graphics.Paint) -> a
android.support.v4.view.ViewCompat$ICSViewCompatImpl -> android.support.v4.view.u:
    boolean canScrollHorizontally(android.view.View,int) -> a
android.support.v4.view.ViewCompat$JBViewCompatImpl -> android.support.v4.view.v:
    void postInvalidateOnAnimation(android.view.View) -> b
    void postOnAnimation(android.view.View,java.lang.Runnable) -> a
android.support.v4.view.ViewCompat$JbMr1ViewCompatImpl -> android.support.v4.view.w: