AprilBeaconDemos/proguard/usage.txt
com.aprilbrother.aprilbeacondemo.BeaconList:
    private static final int REQUEST_ENABLE_BT
    private static final java.lang.String TAG
com.aprilbrother.aprilbeacondemo.BuildConfig
com.aprilbrother.aprilbeacondemo.ModifyActivity:
    protected static final java.lang.String TAG
    public static final int READ_BATTERY
    public static final int READ_TXPOWER
    public static final int READ_ADVINTERVAL
    public static final int READ_FW_REVISON
    public static final int READ_MANUFACTURER
    630:662:private void HttpURLConnection_Post()
    665:702:private void HttpURL()
    77:77:static synthetic boolean access$9(com.aprilbrother.aprilbeacondemo.ModifyActivity)
    75:75:static synthetic java.net.HttpURLConnection access$10(com.aprilbrother.aprilbeacondemo.ModifyActivity)
    74:74:static synthetic java.lang.String access$11(com.aprilbrother.aprilbeacondemo.ModifyActivity)
    704:704:static synthetic android.os.Handler access$12(com.aprilbrother.aprilbeacondemo.ModifyActivity)
    627:627:static synthetic void access$13(com.aprilbrother.aprilbeacondemo.ModifyActivity)
    74:74:static synthetic void access$14(com.aprilbrother.aprilbeacondemo.ModifyActivity,java.lang.String)
com.aprilbrother.aprilbeacondemo.ModifyActivity$11
com.aprilbrother.aprilbeacondemo.NotificationUtils
com.aprilbrother.aprilbeacondemo.NotifyOutContentActivity
com.aprilbrother.aprilbeacondemo.NotifyOutContentActivity$1
com.aprilbrother.aprilbeacondemo.NotifyService:
    private static final java.lang.String sample_url
    public static final int READ_BATTERY
    175:211:private android.app.Notification setNormalNotification(java.lang.String)
    221:264:private android.app.Notification setBigTextStyleNotification(java.lang.String)
    274:315:private android.app.Notification setBigPictureStyleNotification(java.lang.String)
    325:369:private android.app.Notification setInboxStyleNotification(java.lang.String)
    381:408:private android.app.Notification setCustomViewNotification(java.lang.String)
    174:174:static synthetic android.app.Notification access$0(com.aprilbrother.aprilbeacondemo.NotifyService,java.lang.String)
    37:37:static synthetic android.app.NotificationManager access$1()
com.aprilbrother.aprilbeacondemo.NotifyService$CreateNotification
com.aprilbrother.aprilbeacondemo.R
com.aprilbrother.aprilbeacondemo.R$attr
com.aprilbrother.aprilbeacondemo.R$dimen
com.aprilbrother.aprilbeacondemo.R$drawable
com.aprilbrother.aprilbeacondemo.R$id
com.aprilbrother.aprilbeacondemo.R$layout
com.aprilbrother.aprilbeacondemo.R$menu
com.aprilbrother.aprilbeacondemo.R$string
com.aprilbrother.aprilbeacondemo.R$style
com.aprilbrother.aprilbeacondemo.SensorActivity:
    protected static final java.lang.String TAG
com.aprilbrother.aprilbeacondemo.ServiceStatusUtils
...
android.support.v4.view.accessibility.AccessibilityRecordCompat$AccessibilityRecordIcsImpl
android.support.v4.view.accessibility.AccessibilityRecordCompat$AccessibilityRecordIcsMr1Impl
android.support.v4.view.accessibility.AccessibilityRecordCompat$AccessibilityRecordImpl
android.support.v4.view.accessibility.AccessibilityRecordCompat$AccessibilityRecordJellyBeanImpl
android.support.v4.view.accessibility.AccessibilityRecordCompat$AccessibilityRecordStubImpl
android.support.v4.view.accessibility.AccessibilityRecordCompatIcs
android.support.v4.view.accessibility.AccessibilityRecordCompatIcsMr1
android.support.v4.view.accessibility.AccessibilityRecordCompatJellyBean
android.support.v4.widget.CursorAdapter
android.support.v4.widget.CursorAdapter$1
android.support.v4.widget.CursorAdapter$ChangeObserver
android.support.v4.widget.CursorAdapter$MyDataSetObserver
android.support.v4.widget.CursorFilter
android.support.v4.widget.CursorFilter$CursorFilterClient
android.support.v4.widget.EdgeEffectCompat:
    132:134:public EdgeEffectCompat(android.content.Context)
    204:204:public boolean onAbsorb(int)
android.support.v4.widget.EdgeEffectCompat$BaseEdgeEffectImpl:
    60:60:public java.lang.Object newEdgeEffect(android.content.Context)
    82:82:public boolean onAbsorb(java.lang.Object,int)
android.support.v4.widget.EdgeEffectCompat$EdgeEffectIcsImpl:
    92:92:public java.lang.Object newEdgeEffect(android.content.Context)
    116:116:public boolean onAbsorb(java.lang.Object,int)
android.support.v4.widget.EdgeEffectCompat$EdgeEffectImpl:
    public abstract java.lang.Object newEdgeEffect(android.content.Context)
    public abstract boolean onAbsorb(java.lang.Object,int)
android.support.v4.widget.EdgeEffectCompatIcs:
    28:28:EdgeEffectCompatIcs()
    30:30:public static java.lang.Object newEdgeEffect(android.content.Context)
    57:58:public static boolean onAbsorb(java.lang.Object,int)
android.support.v4.widget.ResourceCursorAdapter
android.support.v4.widget.ScrollerCompat
android.support.v4.widget.ScrollerCompat$ScrollerCompatImplIcs
android.support.v4.widget.ScrollerCompatIcs
android.support.v4.widget.SearchViewCompat
android.support.v4.widget.SearchViewCompat$OnQueryTextListenerCompat
android.support.v4.widget.SearchViewCompat$SearchViewCompatHoneycombImpl
android.support.v4.widget.SearchViewCompat$SearchViewCompatHoneycombImpl$1
android.support.v4.widget.SearchViewCompat$SearchViewCompatImpl
android.support.v4.widget.SearchViewCompat$SearchViewCompatStubImpl
android.support.v4.widget.SearchViewCompatHoneycomb
android.support.v4.widget.SearchViewCompatHoneycomb$1
android.support.v4.widget.SearchViewCompatHoneycomb$OnQueryTextListenerCompatBridge
android.support.v4.widget.SimpleCursorAdapter
android.support.v4.widget.SimpleCursorAdapter$CursorToStringConverter
android.support.v4.widget.SimpleCursorAdapter$ViewBinder
com.aprilbrother.aprilbrothersdk.Beacon:
    88:124:public Beacon(java.lang.String,java.lang.String,java.lang.String,int,int,int,int)
    256:256:public int getPower()
com.aprilbrother.aprilbrothersdk.BeaconManager:
    209:213:public void setErrorListener(com.aprilbrother.aprilbrothersdk.BeaconManager$ErrorListener)
    225:232:public void setForegroundScanPeriod(long,long)
    244:251:public void setBackgroundScanPeriod(long,long)
    393:399:public void stopMonitoring(com.aprilbrother.aprilbrothersdk.Region)
    513:515:public void setRangingExpirationMill(long)
com.aprilbrother.aprilbrothersdk.a.b:
    56:57:public final void e(int)
com.aprilbrother.aprilbrothersdk.connection.AprilBeaconConnection:
    436:1318:public AprilBeaconConnection(android.content.Context,java.lang.String)
    709:710:public void writeAdvertisingInterval(int)
com.aprilbrother.aprilbrothersdk.service.BeaconService:
    565:565:public static long access$800(com.aprilbrother.aprilbrothersdk.service.BeaconService)